<?xml version="1.0" encoding="UTF-8"?>
<testsuite name="ApplicationTest" tests="1" skipped="0" failures="0" errors="0" timestamp="2019-02-25T12:57:04" hostname="DESKTOP-FATFDSA" time="0.013">
  <properties/>
  <testcase name="justAnExample()" classname="ApplicationTest" time="0.013"/>
  <system-out><![CDATA[This test method should be run
]]></system-out>
  <system-err><![CDATA[]]></system-err>
</testsuite>
